[0830/224428.316:ERROR:process_reader_win.cc(155)] SuspendThread: Access is denied. (0x5)
[0830/224428.316:ERROR:process_reader_win.cc(155)] SuspendThread: Access is denied. (0x5)
[0830/224428.316:ERROR:process_reader_win.cc(155)] SuspendThread: Access is denied. (0x5)
[0830/224428.316:ERROR:process_reader_win.cc(155)] SuspendThread: Access is denied. (0x5)
[0830/224428.316:ERROR:process_reader_win.cc(155)] SuspendThread: Access is denied. (0x5)
[0830/224428.316:ERROR:process_reader_win.cc(155)] SuspendThread: Access is denied. (0x5)
[0830/224428.316:ERROR:process_reader_win.cc(155)] SuspendThread: Access is denied. (0x5)
[0830/224428.316:ERROR:process_reader_win.cc(155)] SuspendThread: Access is denied. (0x5)
[0830/224428.316:ERROR:process_reader_win.cc(155)] SuspendThread: Access is denied. (0x5)
[0830/224428.316:ERROR:process_reader_win.cc(155)] SuspendThread: Access is denied. (0x5)
[0830/224428.316:ERROR:process_reader_win.cc(155)] SuspendThread: Access is denied. (0x5)
[0830/224428.316:ERROR:process_reader_win.cc(155)] SuspendThread: Access is denied. (0x5)
[0830/224428.316:ERROR:process_reader_win.cc(155)] SuspendThread: Access is denied. (0x5)
[0830/224428.316:ERROR:process_reader_win.cc(127)] NtOpenThread: {Access Denied} A process has requested access to an object, but has not been granted those access rights. (0xc0000022)
[0830/224428.316:ERROR:exception_snapshot_win.cc(100)] thread ID 12520 not found in process
[0830/224428.332:ERROR:process_reader_win.cc(155)] SuspendThread: Access is denied. (0x5)
[0830/224428.332:ERROR:process_reader_win.cc(155)] SuspendThread: Access is denied. (0x5)
[0830/224428.332:ERROR:process_reader_win.cc(155)] SuspendThread: Access is denied. (0x5)
[0830/224428.332:ERROR:process_reader_win.cc(155)] SuspendThread: Access is denied. (0x5)
[0830/224428.332:ERROR:process_reader_win.cc(155)] SuspendThread: Access is denied. (0x5)
[0830/224428.332:ERROR:process_reader_win.cc(155)] SuspendThread: Access is denied. (0x5)
[0830/224428.332:ERROR:process_reader_win.cc(155)] SuspendThread: Access is denied. (0x5)
[0830/224428.332:ERROR:process_reader_win.cc(155)] SuspendThread: Access is denied. (0x5)
[0830/224428.332:ERROR:process_reader_win.cc(155)] SuspendThread: Access is denied. (0x5)
[0830/224428.332:ERROR:process_reader_win.cc(155)] SuspendThread: Access is denied. (0x5)
[0830/224428.332:ERROR:process_reader_win.cc(155)] SuspendThread: Access is denied. (0x5)
[0830/224428.332:ERROR:process_reader_win.cc(127)] NtOpenThread: {Access Denied} A process has requested access to an object, but has not been granted those access rights. (0xc0000022)
[0830/224428.332:ERROR:exception_snapshot_win.cc(100)] thread ID 7948 not found in process
[0830/224428.348:ERROR:process_reader_win.cc(155)] SuspendThread: Access is denied. (0x5)
[0830/224428.348:ERROR:process_reader_win.cc(155)] SuspendThread: Access is denied. (0x5)
[0830/224428.348:ERROR:process_reader_win.cc(155)] SuspendThread: Access is denied. (0x5)
[0830/224428.348:ERROR:process_reader_win.cc(155)] SuspendThread: Access is denied. (0x5)
[0830/224428.348:ERROR:process_reader_win.cc(155)] SuspendThread: Access is denied. (0x5)
[0830/224428.348:ERROR:process_reader_win.cc(155)] SuspendThread: Access is denied. (0x5)
[0830/224428.348:ERROR:process_reader_win.cc(155)] SuspendThread: Access is denied. (0x5)
[0830/224428.348:ERROR:process_reader_win.cc(155)] SuspendThread: Access is denied. (0x5)
[0830/224428.348:ERROR:process_reader_win.cc(155)] SuspendThread: Access is denied. (0x5)
[0830/224428.348:ERROR:process_reader_win.cc(155)] SuspendThread: Access is denied. (0x5)
[0830/224428.348:ERROR:process_reader_win.cc(155)] SuspendThread: Access is denied. (0x5)
[0830/224428.348:ERROR:process_reader_win.cc(155)] SuspendThread: Access is denied. (0x5)
[0830/224428.348:ERROR:process_reader_win.cc(155)] SuspendThread: Access is denied. (0x5)
[0830/224428.348:ERROR:process_reader_win.cc(155)] SuspendThread: Access is denied. (0x5)
[0830/224428.348:ERROR:process_reader_win.cc(127)] NtOpenThread: {Access Denied} A process has requested access to an object, but has not been granted those access rights. (0xc0000022)
[0830/224428.348:ERROR:exception_snapshot_win.cc(100)] thread ID 1532 not found in process
[0830/224428.363:ERROR:process_reader_win.cc(155)] SuspendThread: Access is denied. (0x5)
[0830/224428.363:ERROR:process_reader_win.cc(155)] SuspendThread: Access is denied. (0x5)
[0830/224428.363:ERROR:process_reader_win.cc(155)] SuspendThread: Access is denied. (0x5)
[0830/224428.363:ERROR:process_reader_win.cc(155)] SuspendThread: Access is denied. (0x5)
[0830/224428.363:ERROR:process_reader_win.cc(155)] SuspendThread: Access is denied. (0x5)
[0830/224428.363:ERROR:process_reader_win.cc(155)] SuspendThread: Access is denied. (0x5)
[0830/224428.363:ERROR:process_reader_win.cc(155)] SuspendThread: Access is denied. (0x5)
[0830/224428.363:ERROR:process_reader_win.cc(155)] SuspendThread: Access is denied. (0x5)
[0830/224428.363:ERROR:process_reader_win.cc(155)] SuspendThread: Access is denied. (0x5)
[0830/224428.363:ERROR:process_reader_win.cc(155)] SuspendThread: Access is denied. (0x5)
[0830/224428.363:ERROR:process_reader_win.cc(155)] SuspendThread: Access is denied. (0x5)
[0830/224428.363:ERROR:process_reader_win.cc(155)] SuspendThread: Access is denied. (0x5)
[0830/224428.363:ERROR:process_reader_win.cc(155)] SuspendThread: Access is denied. (0x5)
[0830/224428.363:ERROR:process_reader_win.cc(127)] NtOpenThread: {Access Denied} A process has requested access to an object, but has not been granted those access rights. (0xc0000022)
[0830/224428.363:ERROR:exception_snapshot_win.cc(100)] thread ID 7320 not found in process
[0830/224428.363:ERROR:process_reader_win.cc(155)] SuspendThread: Access is denied. (0x5)
[0830/224428.363:ERROR:process_reader_win.cc(155)] SuspendThread: Access is denied. (0x5)
[0830/224428.363:ERROR:process_reader_win.cc(155)] SuspendThread: Access is denied. (0x5)
[0830/224428.363:ERROR:process_reader_win.cc(155)] SuspendThread: Access is denied. (0x5)
[0830/224428.363:ERROR:process_reader_win.cc(155)] SuspendThread: Access is denied. (0x5)
[0830/224428.363:ERROR:process_reader_win.cc(155)] SuspendThread: Access is denied. (0x5)
[0830/224428.363:ERROR:process_reader_win.cc(155)] SuspendThread: Access is denied. (0x5)
[0830/224428.363:ERROR:process_reader_win.cc(155)] SuspendThread: Access is denied. (0x5)
[0830/224428.363:ERROR:process_reader_win.cc(155)] SuspendThread: Access is denied. (0x5)
[0830/224428.363:ERROR:process_reader_win.cc(155)] SuspendThread: Access is denied. (0x5)
[0830/224428.363:ERROR:process_reader_win.cc(155)] SuspendThread: Access is denied. (0x5)
[0830/224428.363:ERROR:process_reader_win.cc(127)] NtOpenThread: {Access Denied} A process has requested access to an object, but has not been granted those access rights. (0xc0000022)
[0830/224428.363:ERROR:exception_snapshot_win.cc(100)] thread ID 17892 not found in process
[1002/173608.598:ERROR:settings.cc(401)] Settings magic is not 1129342067
[1013/201901.848:ERROR:filesystem_win.cc(129)] GetFileAttributes C:\Users\USER'\AppData\Local\Microsoft\Edge\User Data\Crashpad\attachments\177a5f43-95ac-437f-9550-ac1830a06cc8: The system cannot find the path specified. (0x3)
[1013/201901.926:ERROR:filesystem_win.cc(129)] GetFileAttributes C:\Users\USER'\AppData\Local\Microsoft\Edge\User Data\Crashpad\attachments\37c9a773-54b0-4b9b-b42c-f7974d0219c6: The system cannot find the path specified. (0x3)
[1013/201901.926:ERROR:filesystem_win.cc(129)] GetFileAttributes C:\Users\USER'\AppData\Local\Microsoft\Edge\User Data\Crashpad\attachments\42876804-012a-42ad-a15b-c386dc502077: The system cannot find the path specified. (0x3)
[1013/201901.932:ERROR:filesystem_win.cc(129)] GetFileAttributes C:\Users\USER'\AppData\Local\Microsoft\Edge\User Data\Crashpad\attachments\46752ff0-dc59-41a9-b8bb-d7e57a6adf2e: The system cannot find the path specified. (0x3)
[1013/201901.939:ERROR:filesystem_win.cc(129)] GetFileAttributes C:\Users\USER'\AppData\Local\Microsoft\Edge\User Data\Crashpad\attachments\5094cd4b-edf6-4bc1-9b53-c30f140fb487: The system cannot find the path specified. (0x3)
[1013/201901.948:ERROR:filesystem_win.cc(129)] GetFileAttributes C:\Users\USER'\AppData\Local\Microsoft\Edge\User Data\Crashpad\attachments\5a2f23f4-0a8b-4a39-a268-b23e10c8a021: The system cannot find the path specified. (0x3)
[1013/201901.957:ERROR:filesystem_win.cc(129)] GetFileAttributes C:\Users\USER'\AppData\Local\Microsoft\Edge\User Data\Crashpad\attachments\66a1ddee-bf18-412f-9e84-e4209426c3fc: The system cannot find the path specified. (0x3)
[1013/201901.977:ERROR:filesystem_win.cc(129)] GetFileAttributes C:\Users\USER'\AppData\Local\Microsoft\Edge\User Data\Crashpad\attachments\6ca7b055-70fa-4278-8830-9c10c69f987f: The system cannot find the path specified. (0x3)
[1013/201901.983:ERROR:filesystem_win.cc(129)] GetFileAttributes C:\Users\USER'\AppData\Local\Microsoft\Edge\User Data\Crashpad\attachments\727fdbaa-98ef-414d-bb75-d7d859a5475a: The system cannot find the path specified. (0x3)
[1013/201901.984:ERROR:filesystem_win.cc(129)] GetFileAttributes C:\Users\USER'\AppData\Local\Microsoft\Edge\User Data\Crashpad\attachments\72d5ac45-e9c8-4504-b739-532bf4b1a7cf: The system cannot find the path specified. (0x3)
[1013/201901.986:ERROR:filesystem_win.cc(129)] GetFileAttributes C:\Users\USER'\AppData\Local\Microsoft\Edge\User Data\Crashpad\attachments\93c8232c-805b-44be-b6e6-6abfc2252a1f: The system cannot find the path specified. (0x3)
[1013/201901.989:ERROR:filesystem_win.cc(129)] GetFileAttributes C:\Users\USER'\AppData\Local\Microsoft\Edge\User Data\Crashpad\attachments\96fe56e4-5038-46e4-91ed-e3a37a0a04e0: The system cannot find the path specified. (0x3)
[1013/201902.008:ERROR:filesystem_win.cc(129)] GetFileAttributes C:\Users\USER'\AppData\Local\Microsoft\Edge\User Data\Crashpad\attachments\983ea85d-7b46-44d7-989c-f5b3a83fff32: The system cannot find the path specified. (0x3)
[1013/201902.009:ERROR:filesystem_win.cc(129)] GetFileAttributes C:\Users\USER'\AppData\Local\Microsoft\Edge\User Data\Crashpad\attachments\a02c240f-c504-4666-8e07-9572ba1cc0ef: The system cannot find the path specified. (0x3)
[1013/201902.010:ERROR:filesystem_win.cc(129)] GetFileAttributes C:\Users\USER'\AppData\Local\Microsoft\Edge\User Data\Crashpad\attachments\a3abcf7b-7e0f-4e48-89f3-28b16da5e25f: The system cannot find the path specified. (0x3)
[1013/201902.013:ERROR:filesystem_win.cc(129)] GetFileAttributes C:\Users\USER'\AppData\Local\Microsoft\Edge\User Data\Crashpad\attachments\b9a15369-c9a0-4483-862b-41b795054df1: The system cannot find the path specified. (0x3)
[1013/201902.026:ERROR:filesystem_win.cc(129)] GetFileAttributes C:\Users\USER'\AppData\Local\Microsoft\Edge\User Data\Crashpad\attachments\ca2a3387-8c9c-4115-a71f-71cccdda39ff: The system cannot find the path specified. (0x3)
[1013/201902.027:ERROR:filesystem_win.cc(129)] GetFileAttributes C:\Users\USER'\AppData\Local\Microsoft\Edge\User Data\Crashpad\attachments\cc281408-63f7-424e-9644-78cf7e8615be: The system cannot find the path specified. (0x3)
[1013/201902.028:ERROR:filesystem_win.cc(129)] GetFileAttributes C:\Users\USER'\AppData\Local\Microsoft\Edge\User Data\Crashpad\attachments\dc76a980-1b6b-48d5-b7d9-ff07186ea9f1: The system cannot find the path specified. (0x3)
[1013/201902.046:ERROR:filesystem_win.cc(129)] GetFileAttributes C:\Users\USER'\AppData\Local\Microsoft\Edge\User Data\Crashpad\attachments\e462601d-49fa-4765-8b3f-39cda04a00e2: The system cannot find the path specified. (0x3)
[1013/201902.048:ERROR:filesystem_win.cc(129)] GetFileAttributes C:\Users\USER'\AppData\Local\Microsoft\Edge\User Data\Crashpad\attachments\ed657abe-79aa-4e0c-b437-7960d31913ae: The system cannot find the path specified. (0x3)
[1013/201902.057:ERROR:filesystem_win.cc(129)] GetFileAttributes C:\Users\USER'\AppData\Local\Microsoft\Edge\User Data\Crashpad\attachments\f194ed35-ea26-435b-8495-05ae46a765ce: The system cannot find the path specified. (0x3)
[1013/201902.064:ERROR:filesystem_win.cc(129)] GetFileAttributes C:\Users\USER'\AppData\Local\Microsoft\Edge\User Data\Crashpad\attachments\f735744c-a48d-451c-b2e0-bb6b4619e08b: The system cannot find the path specified. (0x3)
[1013/201902.064:ERROR:directory_reader_win.cc(43)] FindFirstFile: The system cannot find the path specified. (0x3)
[1014/024911.664:ERROR:directory_reader_win.cc(43)] FindFirstFile: The system cannot find the path specified. (0x3)
[1015/194328.324:ERROR:directory_reader_win.cc(43)] FindFirstFile: The system cannot find the path specified. (0x3)
[1016/024151.002:ERROR:directory_reader_win.cc(43)] FindFirstFile: The system cannot find the path specified. (0x3)
[1017/155534.814:ERROR:directory_reader_win.cc(43)] FindFirstFile: The system cannot find the path specified. (0x3)
